warning: unused variable: `end`
   --> C:\Users\ixion\Documents\x-lang\compiler\x-lexer\src\lib.rs:459:33
    |
459 | ...                   let end = self.position;
    |                           ^^^ help: if this is intentional, prefix it with an underscore: `_end`
    |
    = note: `#[warn(unused_variables)]` (part of `#[warn(unused)]`) on by default

warning: `x-lexer` (lib) generated 1 warning (run `cargo fix --lib -p x-lexer` to apply 1 suggestion)
warning: methods `mk_expr_from_span` and `parse_postfix_continue` are never used
    --> C:\Users\ixion\Documents\x-lang\compiler\x-parser\src\parser.rs:52:8
     |
  15 | impl XParser {
     | ------------ methods in this implementation
...
  52 |     fn mk_expr_from_span(&self, kind: ExpressionKind, span: Span) -> Expression {
     |        ^^^^^^^^^^^^^^^^^
...
1511 |     fn parse_postfix_continue(&self, ti: &mut TokenIterator, mut expr: Expression) -> Result<Expression, ParseError> {
     |        ^^^^^^^^^^^^^^^^^^^^^^
     |
     = note: `#[warn(dead_code)]` (part of `#[warn(unused)]`) on by default

warning: `x-parser` (lib) generated 1 warning
warning: unused variable: `var`
   --> C:\Users\ixion\Documents\x-lang\compiler\x-typechecker\src\lib.rs:295:44
    |
295 |             UnificationError::InfiniteType(var, ty) => TypeError::RecursiveType {
    |                                            ^^^ help: if this is intentional, prefix it with an underscore: `_var`
    |
    = note: `#[warn(unused_variables)]` (part of `#[warn(unused)]`) on by default

warning: unused variable: `ty`
   --> C:\Users\ixion\Documents\x-lang\compiler\x-typechecker\src\lib.rs:295:49
    |
295 |             UnificationError::InfiniteType(var, ty) => TypeError::RecursiveType {
    |                                                 ^^ help: if this is intentional, prefix it with an underscore: `_ty`

warning: unused variable: `k`
   --> C:\Users\ixion\Documents\x-lang\compiler\x-typechecker\src\lib.rs:309:14
    |
309 |         for (k, v) in &mut self.substitution {
    |              ^ help: if this is intentional, prefix it with an underscore: `_k`

warning: unused variable: `i`
    --> C:\Users\ixion\Documents\x-lang\compiler\x-typechecker\src\lib.rs:1217:18
     |
1217 |             for (i, (child_param, parent_param)) in
     |                  ^ help: if this is intentional, prefix it with an underscore: `_i`

warning: unused variable: `accessor_info`
    --> C:\Users\ixion\Documents\x-lang\compiler\x-typechecker\src\lib.rs:1367:25
     |
1367 |             if let Some(accessor_info) = env.get_class(access_context) {
     |                         ^^^^^^^^^^^^^ help: if this is intentional, prefix it with an underscore: `_accessor_info`

warning: unused variable: `type_var`
    --> C:\Users\ixion\Documents\x-lang\compiler\x-typechecker\src\lib.rs:2210:17
     |
2210 |             let type_var = type_var_map.get(&p.name).unwrap();
     |                 ^^^^^^^^ help: if this is intentional, prefix it with an underscore: `_type_var`

warning: variable does not need to be mutable
    --> C:\Users\ixion\Documents\x-lang\compiler\x-typechecker\src\lib.rs:3295:17
     |
3295 |             let mut item_types: Vec<Type> = items
     |                 ----^^^^^^^^^^
     |                 |
     |                 help: remove this `mut`
     |
     = note: `#[warn(unused_mut)]` (part of `#[warn(unused)]`) on by default

warning: unused variable: `fields`
    --> C:\Users\ixion\Documents\x-lang\compiler\x-typechecker\src\lib.rs:3016:76
     |
3016 | ...                   x_parser::ast::EnumVariantData::Record(fields) => {
     |                                                              ^^^^^^ help: if this is intentional, prefix it with an underscore: `_fields`

warning: unreachable pattern
    --> C:\Users\ixion\Documents\x-lang\compiler\x-typechecker\src\lib.rs:3669:9
     |
3603 |         (Type::Var(_), _) | (_, Type::Var(_)) => true,
     |         ------------------------------------- matches all the relevant values
...
3669 |         (Type::Var(n1), Type::Var(n2)) => n1 == n2,
     |         ^^^^^^^^^^^^^^^^^^^^^^^^^^^^^^ no value can reach this
     |
     = note: `#[warn(unreachable_patterns)]` (part of `#[warn(unused)]`) on by default

warning: type `TypeEnv` is more private than the item `check_type_constraints`
    --> C:\Users\ixion\Documents\x-lang\compiler\x-typechecker\src\lib.rs:1768:1
     |
1768 | / pub fn check_type_constraints(
1769 | |     type_params: &[x_parser::ast::TypeParameter],
1770 | |     type_args: &[Type],
1771 | |     env: &TypeEnv,
1772 | |     span: Span,
1773 | | ) -> Result<(), TypeError> {
     | |__________________________^ function `check_type_constraints` is reachable at visibility `pub`
     |
note: but type `TypeEnv` is only usable at visibility `pub(crate)`
    --> C:\Users\ixion\Documents\x-lang\compiler\x-typechecker\src\lib.rs:102:1
     |
 102 | struct TypeEnv {
     | ^^^^^^^^^^^^^^
     = note: `#[warn(private_interfaces)]` on by default

warning: type `TypeEnv` is more private than the item `collect_env_vars`
    --> C:\Users\ixion\Documents\x-lang\compiler\x-typechecker\src\lib.rs:2129:1
     |
2129 | pub fn collect_env_vars(env: &TypeEnv) -> HashSet<String> {
     | ^^^^^^^^^^^^^^^^^^^^^^^^^^^^^^^^^^^^^^^^^^^^^^^^^^^^^^^^^ function `collect_env_vars` is reachable at visibility `pub`
     |
note: but type `TypeEnv` is only usable at visibility `pub(crate)`
    --> C:\Users\ixion\Documents\x-lang\compiler\x-typechecker\src\lib.rs:102:1
     |
 102 | struct TypeEnv {
     | ^^^^^^^^^^^^^^

warning: type `TypeEnv` is more private than the item `solve_type_constraints`
    --> C:\Users\ixion\Documents\x-lang\compiler\x-typechecker\src\lib.rs:2232:1
     |
2232 | / pub fn solve_type_constraints(
2233 | |     type_params: &[x_parser::ast::TypeParameter],
2234 | |     type_args: &[Type],
2235 | |     env: &TypeEnv,
2236 | |     span: Span,
2237 | | ) -> Result<(), TypeError> {
     | |__________________________^ function `solve_type_constraints` is reachable at visibility `pub`
     |
note: but type `TypeEnv` is only usable at visibility `pub(crate)`
    --> C:\Users\ixion\Documents\x-lang\compiler\x-typechecker\src\lib.rs:102:1
     |
 102 | struct TypeEnv {
     | ^^^^^^^^^^^^^^

warning: type `TypeEnv` is more private than the item `infer_expression_effects`
    --> C:\Users\ixion\Documents\x-lang\compiler\x-typechecker\src\lib.rs:2369:1
     |
2369 | pub fn infer_expression_effects(expr: &Expression, env: &TypeEnv) -> Result<EffectSet, TypeError> {
     | ^^^^^^^^^^^^^^^^^^^^^^^^^^^^^^^^^^^^^^^^^^^^^^^^^^^^^^^^^^^^^^^^^^^^^^^^^^^^^^^^^^^^^^^^^^^^^^^^^ function `infer_expression_effects` is reachable at visibility `pub`
     |
note: but type `TypeEnv` is only usable at visibility `pub(crate)`
    --> C:\Users\ixion\Documents\x-lang\compiler\x-typechecker\src\lib.rs:102:1
     |
 102 | struct TypeEnv {
     | ^^^^^^^^^^^^^^

warning: fields `name`, `is_abstract`, `field_visibility`, and `method_visibility` are never read
  --> C:\Users\ixion\Documents\x-lang\compiler\x-typechecker\src\lib.rs:47:5
   |
45 | struct ClassInfo {
   |        --------- fields in this struct
46 |     /// 类名
47 |     name: String,
   |     ^^^^
...
57 |     is_abstract: bool,
   |     ^^^^^^^^^^^
...
61 |     field_visibility: HashMap<String, Visibility>,
   |     ^^^^^^^^^^^^^^^^
62 |     /// 方法可见性（名称 -> 可见性）
63 |     method_visibility: HashMap<String, Visibility>,
   |     ^^^^^^^^^^^^^^^^^
   |
   = note: `ClassInfo` has derived impls for the traits `Clone` and `Debug`, but these are intentionally ignored during dead code analysis
   = note: `#[warn(dead_code)]` (part of `#[warn(unused)]`) on by default

warning: fields `name` and `extends` are never read
  --> C:\Users\ixion\Documents\x-lang\compiler\x-typechecker\src\lib.rs:76:5
   |
74 | struct TraitInfo {
   |        --------- fields in this struct
75 |     /// 特征名
76 |     name: String,
   |     ^^^^
77 |     /// 父特征列表
78 |     extends: Vec<String>,
   |     ^^^^^^^
   |
   = note: `TraitInfo` has derived impls for the traits `Clone` and `Debug`, but these are intentionally ignored during dead code analysis

warning: field `name` is never read
  --> C:\Users\ixion\Documents\x-lang\compiler\x-typechecker\src\lib.rs:96:5
   |
94 | struct ModuleInfo {
   |        ---------- field in this struct
95 |     /// 模块名
96 |     name: String,
   |     ^^^^
   |
   = note: `ModuleInfo` has derived impls for the traits `Clone` and `Debug`, but these are intentionally ignored during dead code analysis

warning: field `substitution` is never read
   --> C:\Users\ixion\Documents\x-lang\compiler\x-typechecker\src\lib.rs:116:5
    |
102 | struct TypeEnv {
    |        ------- field in this struct
...
116 |     substitution: HashMap<String, Type>,
    |     ^^^^^^^^^^^^

warning: methods `is_exported`, `register_module`, `apply_subst`, `extend_subst`, and `unify_types` are never used
   --> C:\Users\ixion\Documents\x-lang\compiler\x-typechecker\src\lib.rs:165:8
    |
125 | impl TypeEnv {
    | ------------ methods in this implementation
...
165 |     fn is_exported(&self, symbol: &str) -> bool {
    |        ^^^^^^^^^^^
...
170 |     fn register_module(&mut self, name: String, exports: HashSet<String>) {
    |        ^^^^^^^^^^^^^^^
...
278 |     fn apply_subst(&self, ty: &Type) -> Type {
    |        ^^^^^^^^^^^
...
283 |     fn extend_subst(&mut self, var: String, ty: Type) {
    |        ^^^^^^^^^^^^
...
288 |     fn unify_types(&mut self, t1: &Type, t2: &Type) -> Result<(), TypeError> {
    |        ^^^^^^^^^^^

warning: function `is_subtype_of` is never used
    --> C:\Users\ixion\Documents\x-lang\compiler\x-typechecker\src\lib.rs:1064:4
     |
1064 | fn is_subtype_of(sub: &Type, sup: &Type, env: &TypeEnv) -> bool {
     |    ^^^^^^^^^^^^^

warning: function `check_visibility_access` is never used
    --> C:\Users\ixion\Documents\x-lang\compiler\x-typechecker\src\lib.rs:1310:4
     |
1310 | fn check_visibility_access(
     |    ^^^^^^^^^^^^^^^^^^^^^^^

warning: variant `Or` is never constructed
  --> C:\Users\ixion\Documents\x-lang\compiler\x-typechecker\src\exhaustiveness.rs:49:5
   |
39 | enum NormalizedPattern {
   |      ----------------- variant in this enum
...
49 |     Or(Box<NormalizedPattern>, Box<NormalizedPattern>),
   |     ^^
   |
   = note: `NormalizedPattern` has derived impls for the traits `Clone` and `Debug`, but these are intentionally ignored during dead code analysis

warning: `x-typechecker` (lib) generated 21 warnings (run `cargo fix --lib -p x-typechecker` to apply 8 suggestions)
warning: unreachable pattern
   --> C:\Users\ixion\Documents\x-lang\compiler\x-hir\src\lib.rs:524:13
    |
492 |             Type::Dynamic => HirType::Dynamic,
    |             ------------- matches all the relevant values
...
524 |             Type::Dynamic => HirType::Dynamic,
    |             ^^^^^^^^^^^^^ no value can reach this
    |
    = note: `#[warn(unreachable_patterns)]` (part of `#[warn(unused)]`) on by default

warning: `x-hir` (lib) generated 1 warning
warning: unused imports: `ForStatement`, `Initializer`, and `Parameter`
  --> C:\Users\ixion\Documents\x-lang\compiler\x-lir\src\lower.rs:21:63
   |
21 |     BinaryOp, Block, Declaration, Expression, ExternFunction, ForStatement, F...
   |                                                               ^^^^^^^^^^^^
22 |     Initializer, Literal, Parameter, Program, Statement, Type, UnaryOp, Varia...
   |     ^^^^^^^^^^^           ^^^^^^^^^
   |
   = note: `#[warn(unused_imports)]` (part of `#[warn(unused)]`) on by default

warning: unused import: `Write`
  --> C:\Users\ixion\Documents\x-lang\compiler\x-lir\src\lib.rs:10:31
   |
10 | use std::fmt::{self, Display, Write};
   |                               ^^^^^

warning: `x-lir` (lib) generated 2 warnings (run `cargo fix --lib -p x-lir` to apply 1 suggestion)
warning: unexpected `cfg` condition value: `jvm`
   --> C:\Users\ixion\Documents\x-lang\compiler\x-codegen\src\lib.rs:210:7
    |
210 | #[cfg(feature = "jvm")]
    |       ^^^^^^^^^^^^^^^
    |
    = note: expected values for `feature` are: `default`
    = help: consider adding `jvm` as a feature in `Cargo.toml`
    = note: see <https://doc.rust-lang.org/nightly/rustc/check-cfg/cargo-specifics.html> for more information about checking conditional configuration
    = note: `#[warn(unexpected_cfgs)]` on by default

warning: unexpected `cfg` condition value: `jvm`
   --> C:\Users\ixion\Documents\x-lang\compiler\x-codegen\src\lib.rs:213:7
    |
213 | #[cfg(feature = "jvm")]
    |       ^^^^^^^^^^^^^^^
    |
    = note: expected values for `feature` are: `default`
    = help: consider adding `jvm` as a feature in `Cargo.toml`
    = note: see <https://doc.rust-lang.org/nightly/rustc/check-cfg/cargo-specifics.html> for more information about checking conditional configuration

warning: unexpected `cfg` condition value: `dotnet`
   --> C:\Users\ixion\Documents\x-lang\compiler\x-codegen\src\lib.rs:221:7
    |
221 | #[cfg(feature = "dotnet")]
    |       ^^^^^^^^^^^^^^^^^^
    |
    = note: expected values for `feature` are: `default`
    = help: consider adding `dotnet` as a feature in `Cargo.toml`
    = note: see <https://doc.rust-lang.org/nightly/rustc/check-cfg/cargo-specifics.html> for more information about checking conditional configuration

warning: unexpected `cfg` condition value: `dotnet`
   --> C:\Users\ixion\Documents\x-lang\compiler\x-codegen\src\lib.rs:224:7
    |
224 | #[cfg(feature = "dotnet")]
    |       ^^^^^^^^^^^^^^^^^^
    |
    = note: expected values for `feature` are: `default`
    = help: consider adding `dotnet` as a feature in `Cargo.toml`
    = note: see <https://doc.rust-lang.org/nightly/rustc/check-cfg/cargo-specifics.html> for more information about checking conditional configuration

warning: unexpected `cfg` condition value: `js`
   --> C:\Users\ixion\Documents\x-lang\compiler\x-codegen\src\lib.rs:232:7
    |
232 | #[cfg(feature = "js")]
    |       ^^^^^^^^^^^^^^
    |
    = note: expected values for `feature` are: `default`
    = help: consider adding `js` as a feature in `Cargo.toml`
    = note: see <https://doc.rust-lang.org/nightly/rustc/check-cfg/cargo-specifics.html> for more information about checking conditional configuration

warning: unexpected `cfg` condition value: `js`
   --> C:\Users\ixion\Documents\x-lang\compiler\x-codegen\src\lib.rs:235:7
    |
235 | #[cfg(feature = "js")]
    |       ^^^^^^^^^^^^^^
    |
    = note: expected values for `feature` are: `default`
    = help: consider adding `js` as a feature in `Cargo.toml`
    = note: see <https://doc.rust-lang.org/nightly/rustc/check-cfg/cargo-specifics.html> for more information about checking conditional configuration

warning: private item shadows public glob re-export
  --> C:\Users\ixion\Documents\x-lang\compiler\x-codegen\src\lib.rs:8:5
   |
 8 | use x_parser::ast::Program;
   |     ^^^^^^^^^^^^^^^^^^^^^^
   |
note: the name `Program` in the type namespace is supposed to be publicly re-exported here
  --> C:\Users\ixion\Documents\x-lang\compiler\x-codegen\src\lib.rs:25:9
   |
25 | pub use xir::*;
   |         ^^^^^^
note: but the private item here shadows it
  --> C:\Users\ixion\Documents\x-lang\compiler\x-codegen\src\lib.rs:8:5
   |
 8 | use x_parser::ast::Program;
   |     ^^^^^^^^^^^^^^^^^^^^^^
   = note: `#[warn(hidden_glob_reexports)]` on by default

warning: unexpected `cfg` condition value: `jvm`
  --> C:\Users\ixion\Documents\x-lang\compiler\x-codegen\src\error.rs:44:11
   |
44 |     #[cfg(feature = "jvm")]
   |           ^^^^^^^^^^^^^^^
   |
   = note: expected values for `feature` are: `default`
   = help: consider adding `jvm` as a feature in `Cargo.toml`
   = note: see <https://doc.rust-lang.org/nightly/rustc/check-cfg/cargo-specifics.html> for more information about checking conditional configuration

warning: unexpected `cfg` condition value: `dotnet`
  --> C:\Users\ixion\Documents\x-lang\compiler\x-codegen\src\error.rs:49:11
   |
49 |     #[cfg(feature = "dotnet")]
   |           ^^^^^^^^^^^^^^^^^^
   |
   = note: expected values for `feature` are: `default`
   = help: consider adding `dotnet` as a feature in `Cargo.toml`
   = note: see <https://doc.rust-lang.org/nightly/rustc/check-cfg/cargo-specifics.html> for more information about checking conditional configuration

warning: unexpected `cfg` condition value: `js`
  --> C:\Users\ixion\Documents\x-lang\compiler\x-codegen\src\error.rs:54:11
   |
54 |     #[cfg(feature = "js")]
   |           ^^^^^^^^^^^^^^
   |
   = note: expected values for `feature` are: `default`
   = help: consider adding `js` as a feature in `Cargo.toml`
   = note: see <https://doc.rust-lang.org/nightly/rustc/check-cfg/cargo-specifics.html> for more information about checking conditional configuration

warning: unused import: `std::collections::HashMap`
 --> C:\Users\ixion\Documents\x-lang\compiler\x-codegen\src\zig_backend.rs:5:5
  |
5 | use std::collections::HashMap;
  |     ^^^^^^^^^^^^^^^^^^^^^^^^^
  |
  = note: `#[warn(unused_imports)]` (part of `#[warn(unused)]`) on by default

warning: unused import: `Write`
 --> C:\Users\ixion\Documents\x-lang\compiler\x-codegen\src\xir.rs:5:31
  |
5 | use std::fmt::{self, Display, Write};
  |                               ^^^^^

warning: unreachable pattern
    --> C:\Users\ixion\Documents\x-lang\compiler\x-codegen\src\lower.rs:1018:9
     |
 969 | ...   HirType::Dynamic => Ok(Type::Int),
     |       ---------------- matches all the relevant values
...
1018 | ...   HirType::Dynamic => Ok(Type::Int), // Dynamic 类型默认为 Int（运行时处理）
     |       ^^^^^^^^^^^^^^^^ no value can reach this
     |
     = note: `#[warn(unreachable_patterns)]` (part of `#[warn(unused)]`) on by default

warning: unused variable: `try_stmt`
   --> C:\Users\ixion\Documents\x-lang\compiler\x-codegen\src\xir.rs:834:28
    |
834 |             Statement::Try(try_stmt) => write!(f, "try {{ ... }} catch {...
    |                            ^^^^^^^^ help: if this is intentional, prefix it with an underscore: `_try_stmt`
    |
    = note: `#[warn(unused_variables)]` (part of `#[warn(unused)]`) on by default

warning: unused variable: `class_name`
   --> C:\Users\ixion\Documents\x-lang\compiler\x-codegen\src\csharp_backend.rs:260:31
    |
260 | ...emit_method(&mut self, class_name: &str, method: &ast::FunctionDecl) ...
    |                           ^^^^^^^^^^ help: if this is intentional, prefix it with an underscore: `_class_name`

warning: unreachable pattern
   --> C:\Users\ixion\Documents\x-lang\compiler\x-codegen\src\csharp_backend.rs:700:13
    |
700 |             _ => "", // Ignore other ops for now
    |             ^ no value can reach this
    |
note: multiple earlier patterns match some of the same values
   --> C:\Users\ixion\Documents\x-lang\compiler\x-codegen\src\csharp_backend.rs:700:13
    |
696 |             ast::UnaryOp::Negate => "-",
    |             -------------------- matches some of the same values
697 |             ast::UnaryOp::Not => "!",
    |             ----------------- matches some of the same values
698 |             ast::UnaryOp::BitNot => "~",
    |             -------------------- matches some of the same values
699 |             ast::UnaryOp::Wait => "await ", // Wait becomes await
    |             ------------------ matches some of the same values
700 |             _ => "", // Ignore other ops for now
    |             ^ collectively making this unreachable

warning: unused variable: `class_name`
   --> C:\Users\ixion\Documents\x-lang\compiler\x-codegen\src\java_backend.rs:226:31
    |
226 | ...emit_method(&mut self, class_name: &str, method: &ast::FunctionDecl) ...
    |                           ^^^^^^^^^^ help: if this is intentional, prefix it with an underscore: `_class_name`

warning: unreachable pattern
   --> C:\Users\ixion\Documents\x-lang\compiler\x-codegen\src\java_backend.rs:542:13
    |
542 |             _ => Err(JavaBackendError::UnsupportedFeature(format!(
    |             ^ no value can reach this
    |
note: multiple earlier patterns match some of the same values
   --> C:\Users\ixion\Documents\x-lang\compiler\x-codegen\src\java_backend.rs:542:13
    |
538 | ...   ast::UnaryOp::Negate => Ok(format!("-{}", expr)),
    |       -------------------- matches some of the same values
539 | ...   ast::UnaryOp::Not => Ok(format!("!{}", expr)),
    |       ----------------- matches some of the same values
540 | ...   ast::UnaryOp::BitNot => Ok(format!("~{}", expr)),
    |       -------------------- matches some of the same values
541 | ...   ast::UnaryOp::Wait => Ok(format!("{}.join()", expr)), // Wait for ...
    |       ------------------ matches some of the same values
542 | ...   _ => Err(JavaBackendError::UnsupportedFeature(format!(
    |       ^ collectively making this unreachable

warning: unreachable pattern
   --> C:\Users\ixion\Documents\x-lang\compiler\x-codegen\src\java_backend.rs:689:13
    |
632 |             ast::Type::Dynamic => Ok("Object".to_string()),
    |             ------------------ matches all the relevant values
...
689 |             ast::Type::Dynamic => Ok("Object".to_string()),
    |             ^^^^^^^^^^^^^^^^^^ no value can reach this

warning: unreachable pattern
   --> C:\Users\ixion\Documents\x-lang\compiler\x-codegen\src\rust_backend.rs:277:13
    |
277 |             _ => false,
    |             ^ no value can reach this
    |
note: multiple earlier patterns match some of the same values
   --> C:\Users\ixion\Documents\x-lang\compiler\x-codegen\src\rust_backend.rs:277:13
    |
256 | ...   ast::Declaration::Function(f) => {
    |       ----------------------------- matches some of the same values
...
259 | ...   ast::Declaration::Variable(v) => {
    |       ----------------------------- matches some of the same values
...
262 | ...   ast::Declaration::Class(c) => {
    |       -------------------------- matches some of the same values
...
275 | ...   ast::Declaration::Enum(_) | ast::Declaration::Trait(_) | ast::Declaration::ExternFunction(_) =>...
    |       -------------------------------------------------------------------------------------------- matches some of the same values
276 | ...   ast::Declaration::TypeAlias(_) | ast::Declaration::Module(_) | ast::Declaration::Import(_) | as...
277 | ...   _ => false,
    |       ^ ...and 1 other patterns collectively make this unreachable

warning: unused variable: `keyword`
   --> C:\Users\ixion\Documents\x-lang\compiler\x-codegen\src\rust_backend.rs:807:13
    |
807 |         let keyword = if v.is_mutable { "static mut" } else { "static" };
    |             ^^^^^^^ help: if this is intentional, prefix it with an underscore: `_keyword`

warning: value assigned to `body_output` is never read
    --> C:\Users\ixion\Documents\x-lang\compiler\x-codegen\src\rust_backend.rs:1469:39
     |
1469 |                 let mut body_output = String::new();
     |                                       ^^^^^^^^^^^^^
     |
     = help: maybe it is overwritten before being read?
     = note: `#[warn(unused_assignments)]` (part of `#[warn(unused)]`) on by default

warning: unused variable: `entries`
   --> C:\Users\ixion\Documents\x-lang\compiler\x-codegen\src\zig_backend.rs:613:43
    |
613 |             x_hir::HirPattern::Dictionary(entries) => {
    |                                           ^^^^^^^ help: if this is intentional, prefix it with an underscore: `_entries`

warning: unused variable: `type_name`
   --> C:\Users\ixion\Documents\x-lang\compiler\x-codegen\src\zig_backend.rs:626:48
    |
626 | ...ttern::EnumConstructor(type_name, variant_name, patterns) => {
    |                           ^^^^^^^^^ help: if this is intentional, prefix it with an underscore: `_type_name`

warning: unused variable: `capture_fields`
    --> C:\Users\ixion\Documents\x-lang\compiler\x-codegen\src\zig_backend.rs:1562:13
     |
1562 |         let capture_fields: Vec<String> = captures
     |             ^^^^^^^^^^^^^^ help: if this is intentional, prefix it with an underscore: `_capture_fields`

warning: unreachable pattern
    --> C:\Users\ixion\Documents\x-lang\compiler\x-codegen\src\zig_backend.rs:2112:13
     |
2061 |             ast::Type::Dynamic => "anytype".to_string(),
     |             ------------------ matches all the relevant values
...
2112 |             ast::Type::Dynamic => "anytype".to_string(),
     |             ^^^^^^^^^^^^^^^^^^ no value can reach this

warning: field `config` is never read
  --> C:\Users\ixion\Documents\x-lang\compiler\x-codegen\src\csharp_backend.rs:27:5
   |
26 | pub struct CSharpBackend {
   |            ------------- field in this struct
27 |     config: CSharpBackendConfig,
   |     ^^^^^^
   |
   = note: `#[warn(dead_code)]` (part of `#[warn(unused)]`) on by default

warning: field `config` is never read
  --> C:\Users\ixion\Documents\x-lang\compiler\x-codegen\src\java_backend.rs:27:5
   |
26 | pub struct JavaBackend {
   |            ----------- field in this struct
27 |     config: JavaBackendConfig,
   |     ^^^^^^

warning: field `config` is never read
  --> C:\Users\ixion\Documents\x-lang\compiler\x-codegen\src\python_backend.rs:27:5
   |
26 | pub struct PythonBackend {
   |            ------------- field in this struct
27 |     config: PythonBackendConfig,
   |     ^^^^^^

warning: fields `config` and `last_expr_is_return` are never read
  --> C:\Users\ixion\Documents\x-lang\compiler\x-codegen\src\rust_backend.rs:39:5
   |
38 | pub struct RustBackend {
   |            ----------- fields in this struct
39 |     config: RustBackendConfig,
   |     ^^^^^^
...
49 |     last_expr_is_return: bool,
   |     ^^^^^^^^^^^^^^^^^^^

warning: field `config` is never read
  --> C:\Users\ixion\Documents\x-lang\compiler\x-codegen\src\typescript_backend.rs:27:5
   |
26 | pub struct TypeScriptBackend {
   |            ----------------- field in this struct
27 |     config: TypeScriptBackendConfig,
   |     ^^^^^^

warning: method `emit_forward_decl` is never used
   --> C:\Users\ixion\Documents\x-lang\compiler\x-codegen\src\zig_backend.rs:850:8
    |
 89 | impl ZigBackend {
    | --------------- method in this implementation
...
850 |     fn emit_forward_decl(&mut self, _f: &ast::FunctionDecl) -> ZigResult...
    |        ^^^^^^^^^^^^^^^^^

warning: unused variable: `enum_name`
   --> C:\Users\ixion\Documents\x-lang\compiler\x-interpreter\src\lib.rs:503:33
    |
503 |                     Value::Enum(enum_name, enum_variant, enum_values) => {
    |                                 ^^^^^^^^^ help: if this is intentional, prefix it with an underscore: `_enum_name`
    |
    = note: `#[warn(unused_variables)]` (part of `#[warn(unused)]`) on by default

warning: unused variable: `type_args`
    --> C:\Users\ixion\Documents\x-lang\compiler\x-interpreter\src\lib.rs:1866:42
     |
1866 |         if let Value::Type { name, args: type_args } = &obj_val {
     |                                          ^^^^^^^^^ help: if this is intentional, prefix it with an underscore: `_type_args`

warning: fields `tcp_servers`, `tcp_connections`, `handle_counter`, and `async_results` are never read
  --> C:\Users\ixion\Documents\x-lang\compiler\x-interpreter\src\lib.rs:23:5
   |
15 | pub struct Interpreter {
   |            ----------- fields in this struct
...
23 |     tcp_servers: HashMap<usize, TcpListener>,
   |     ^^^^^^^^^^^
24 |     tcp_connections: HashMap<usize, TcpStream>,
   |     ^^^^^^^^^^^^^^^
25 |     handle_counter: usize,
   |     ^^^^^^^^^^^^^^
26 |     // Async operations
27 |     async_results: HashMap<usize, Result<Value, String>>,
   |     ^^^^^^^^^^^^^
   |
   = note: `Interpreter` has a derived impl for the trait `Debug`, but this is intentionally ignored during dead code analysis
   = note: `#[warn(dead_code)]` (part of `#[warn(unused)]`) on by default

warning: methods `next_handle` and `as_array` are never used
   --> C:\Users\ixion\Documents\x-lang\compiler\x-interpreter\src\lib.rs:188:8
    |
169 | impl Interpreter {
    | ---------------- methods in this implementation
...
188 |     fn next_handle(&mut self) -> usize {
    |        ^^^^^^^^^^^
...
193 |     fn as_array(&self, value: &Value) -> Result<Vec<Value>, InterpreterE...
    |        ^^^^^^^^

warning: `x-codegen` (lib) generated 32 warnings (run `cargo fix --lib -p x-codegen` to apply 8 suggestions)
warning: `x-interpreter` (lib) generated 4 warnings (run `cargo fix --lib -p x-interpreter` to apply 2 suggestions)
warning: field `config` is never read
  --> C:\Users\ixion\Documents\x-lang\compiler\x-codegen-js\src\lib.rs:38:5
   |
37 | pub struct JavaScriptCodeGenerator {
   |            ----------------------- field in this struct
38 |     config: JavaScriptConfig,
   |     ^^^^^^
   |
   = note: `#[warn(dead_code)]` (part of `#[warn(unused)]`) on by default

warning: `x-codegen-js` (lib) generated 1 warning
warning: unused variable: `path`
  --> x-cli\src\commands\fix.rs:71:31
   |
71 | fn apply_fixes(content: &str, path: &Path, parses: bool) -> (String, usiz...
   |                               ^^^^ help: if this is intentional, prefix it with an underscore: `_path`
   |
   = note: `#[warn(unused_variables)]` (part of `#[warn(unused)]`) on by default

warning: method `save` is never used
   --> x-cli\src\config.rs:115:12
    |
102 | impl GlobalConfig {
    | ----------------- method in this implementation
...
115 |     pub fn save(&self) -> Result<(), String> {
    |            ^^^^
    |
    = note: `#[warn(dead_code)]` (part of `#[warn(unused)]`) on by default

warning: associated items `from_path` and `remove` are never used
  --> x-cli\src\lockfile.rs:31:12
   |
23 | impl Lockfile {
   | ------------- associated items in this implementation
...
31 |     pub fn from_path(path: &Path) -> Result<Self, String> {
   |            ^^^^^^^^^
...
58 |     pub fn remove(&mut self, name: &str) {
   |            ^^^^^^

warning: methods `is_path` and `is_git` are never used
   --> x-cli\src\manifest.rs:262:12
    |
254 | impl Dependency {
    | --------------- methods in this implementation
...
262 |     pub fn is_path(&self) -> bool {
    |            ^^^^^^^
...
266 |     pub fn is_git(&self) -> bool {
    |            ^^^^^^

warning: field `ast` is never read
 --> x-cli\src\pipeline.rs:6:9
  |
5 | pub struct PipelineOutput {
  |            -------------- field in this struct
6 |     pub ast: x_parser::ast::Program,
  |         ^^^

warning: struct `ModuleResolver` is never constructed
  --> x-cli\src\pipeline.rs:13:12
   |
13 | pub struct ModuleResolver {
   |            ^^^^^^^^^^^^^^

warning: associated items `new`, `add_search_path`, `resolve_module`, `register_exports`, and `get_exports` are never used
  --> x-cli\src\pipeline.rs:23:12
   |
22 | impl ModuleResolver {
   | ------------------- associated items in this implementation
23 |     pub fn new() -> Self {
   |            ^^^
...
32 |     pub fn add_search_path(&mut self, path: PathBuf) {
   |            ^^^^^^^^^^^^^^^
...
37 |     pub fn resolve_module(&mut self, module_name: &str) -> Result<Option<...
   |            ^^^^^^^^^^^^^^
...
62 |     pub fn register_exports(&mut self, module_name: &str, exports: HashSe...
   |            ^^^^^^^^^^^^^^^^
...
67 |     pub fn get_exports(&self, module_name: &str) -> Option<&HashSet<Strin...
   |            ^^^^^^^^^^^

warning: struct `CompilationContext` is never constructed
  --> x-cli\src\pipeline.rs:79:12
   |
79 | pub struct CompilationContext {
   |            ^^^^^^^^^^^^^^^^^^

warning: associated items `new`, `compile_file`, `compile_source`, and `link_all` are never used
   --> x-cli\src\pipeline.rs:87:12
    |
 86 | impl CompilationContext {
    | ----------------------- associated items in this implementation
 87 |     pub fn new() -> Self {
    |            ^^^
...
 95 |     pub fn compile_file(&mut self, path: &Path) -> Result<x_parser::ast:...
    |            ^^^^^^^^^^^^
...
103 |     pub fn compile_source(&mut self, source: &str) -> Result<x_parser::a...
    |            ^^^^^^^^^^^^^^
...
130 |     pub fn link_all(&self) -> Result<x_parser::ast::Program, String> {
    |            ^^^^^^^^

warning: method `get_package` is never used
  --> x-cli\src\registry.rs:62:12
   |
34 | impl RegistryClient {
   | ------------------- method in this implementation
...
62 |     pub fn get_package(&self, name: &str) -> Result<PackageInfo, String> {
   |            ^^^^^^^^^^^

warning: method `resolve_dev` is never used
  --> x-cli\src\resolver.rs:36:12
   |
23 | impl Resolver {
   | ------------- method in this implementation
...
36 |     pub fn resolve_dev(&self) -> Result<Vec<ResolvedDep>, String> {
   |            ^^^^^^^^^^^

warning: function `confirm` is never used
  --> x-cli\src\utils.rs:70:8
   |
70 | pub fn confirm(prompt: &str) -> bool {
   |        ^^^^^^^

warning: `x-cli` (bin "x") generated 12 warnings (run `cargo fix --bin "x" -p x-cli` to apply 1 suggestion)
    Finished `dev` profile [unoptimized + debuginfo] target(s) in 0.18s
